INFO:root:lr_a = 0.002987611518856283, lr_c = 0.004945899295333642 , lr_a_decay=0.8886029895377218 , lr_c_decay=0.9663822717942403, noise_scale = 0.2916608684688682 , batch_size = 69
INFO:root:Episode: 0, length: 74, reward: -756.04, ewma reward: -37.80, val loss: 5.46, act loss: 1.50
INFO:root:Episode: 20, length: 171, reward: -196.94, ewma reward: -193.51, val loss: 21.73, act loss: 4.79
INFO:root:Episode: 40, length: 201, reward: -43.99, ewma reward: -219.21, val loss: 14.09, act loss: 2.36
INFO:root:Episode: 60, length: 244, reward: -179.22, ewma reward: -172.09, val loss: 17.41, act loss: -11.40
INFO:root:Episode: 80, length: 263, reward: -56.19, ewma reward: -120.44, val loss: 25.35, act loss: -25.64
INFO:root:Episode: 100, length: 365, reward: 0.54, ewma reward: -65.61, val loss: 26.06, act loss: -61.50
INFO:root:Episode: 120, length: 614, reward: 89.39, ewma reward: -94.17, val loss: 36.24, act loss: -102.23
INFO:root:Episode: 140, length: 313, reward: -201.15, ewma reward: -60.68, val loss: 46.72, act loss: -123.23
INFO:root:Episode: 160, length: 323, reward: 187.66, ewma reward: 3.03, val loss: 63.96, act loss: -136.09
INFO:root:Episode: 180, length: 387, reward: -110.23, ewma reward: -9.03, val loss: 56.25, act loss: -168.05
INFO:root:Episode: 200, length: 1000, reward: -19.73, ewma reward: -73.62, val loss: 60.40, act loss: -194.01
INFO:root:Episode: 220, length: 310, reward: -100.68, ewma reward: -84.91, val loss: 50.68, act loss: -192.73
INFO:root:Episode: 240, length: 188, reward: -152.98, ewma reward: -118.48, val loss: 73.91, act loss: -189.37
INFO:root:Episode: 260, length: 1000, reward: -60.47, ewma reward: -94.99, val loss: 61.39, act loss: -183.23
INFO:root:Episode: 280, length: 1000, reward: -8.24, ewma reward: -57.17, val loss: 42.81, act loss: -168.78
INFO:root:Episode: 300, length: 423, reward: -113.96, ewma reward: -88.93, val loss: 33.78, act loss: -160.09
INFO:root:Episode: 320, length: 1000, reward: -44.12, ewma reward: -108.60, val loss: 31.17, act loss: -160.29
INFO:root:Episode: 340, length: 259, reward: -18.99, ewma reward: -37.85, val loss: 29.40, act loss: -143.28
INFO:root:Episode: 360, length: 151, reward: -28.18, ewma reward: 16.25, val loss: 39.34, act loss: -137.08
INFO:root:Episode: 380, length: 1000, reward: -42.78, ewma reward: -6.06, val loss: 31.72, act loss: -129.27
INFO:root:Episode: 400, length: 243, reward: -120.77, ewma reward: -62.71, val loss: 25.83, act loss: -119.64
INFO:root:Episode: 420, length: 1000, reward: -64.73, ewma reward: -85.41, val loss: 25.32, act loss: -107.31
INFO:root:Episode: 440, length: 1000, reward: 8.02, ewma reward: -100.64, val loss: 32.30, act loss: -107.77
INFO:root:Episode: 460, length: 95, reward: -25.38, ewma reward: -73.34, val loss: 25.66, act loss: -106.20
INFO:root:Episode: 480, length: 1000, reward: 2.79, ewma reward: -67.35, val loss: 30.75, act loss: -99.58
INFO:root:Episode: 500, length: 426, reward: -271.70, ewma reward: -119.33, val loss: 38.62, act loss: -96.35
INFO:root:Episode: 520, length: 188, reward: -191.48, ewma reward: -253.21, val loss: 43.87, act loss: -85.06
INFO:root:Episode: 540, length: 1000, reward: -53.40, ewma reward: -181.32, val loss: 41.27, act loss: -80.71
INFO:root:Episode: 560, length: 132, reward: 4.30, ewma reward: -48.62, val loss: 47.11, act loss: -79.67
INFO:root:Episode: 580, length: 282, reward: 189.53, ewma reward: -12.10, val loss: 44.37, act loss: -79.05
INFO:root:Episode: 600, length: 212, reward: -86.74, ewma reward: -37.72, val loss: 51.81, act loss: -78.79
INFO:root:Episode: 620, length: 360, reward: 250.14, ewma reward: 43.19, val loss: 37.30, act loss: -73.38
INFO:root:Episode: 640, length: 1000, reward: 141.83, ewma reward: 20.97, val loss: 37.08, act loss: -66.69
INFO:root:Episode: 660, length: 1000, reward: 92.29, ewma reward: 102.62, val loss: 38.26, act loss: -65.29
INFO:root:Running reward is now 120.05012129592106 and the total episode is 665.
INFO:root:lr_a = 0.007092080098430121, lr_c = 0.0026556612677209705 , lr_a_decay=0.8527205692057905 , lr_c_decay=0.8300755734523533, noise_scale = 0.34190921468061714 , batch_size = 221
INFO:root:Episode: 0, length: 103, reward: -305.46, ewma reward: -15.27, val loss: nan, act loss: nan
INFO:root:Episode: 20, length: 171, reward: -210.44, ewma reward: -252.58, val loss: 42.15, act loss: 5.95
INFO:root:Episode: 40, length: 384, reward: -124.49, ewma reward: -208.13, val loss: 23.19, act loss: -4.00
INFO:root:Episode: 60, length: 129, reward: -56.22, ewma reward: -173.95, val loss: 25.47, act loss: -12.14
INFO:root:Episode: 80, length: 205, reward: -554.89, ewma reward: -285.96, val loss: 30.32, act loss: -18.40
INFO:root:Episode: 100, length: 86, reward: -108.31, ewma reward: -187.22, val loss: 34.15, act loss: -26.80
INFO:root:Episode: 120, length: 153, reward: -98.86, ewma reward: -200.05, val loss: 38.35, act loss: -35.09
INFO:root:Episode: 140, length: 89, reward: -7.32, ewma reward: -131.59, val loss: 41.91, act loss: -42.77
INFO:root:Episode: 160, length: 353, reward: -226.96, ewma reward: -150.94, val loss: 37.92, act loss: -57.01
INFO:root:Episode: 180, length: 173, reward: -210.82, ewma reward: -173.49, val loss: 66.95, act loss: -82.01
INFO:root:Episode: 200, length: 139, reward: -87.30, ewma reward: -141.80, val loss: 74.25, act loss: -107.20
INFO:root:Episode: 220, length: 793, reward: -189.08, ewma reward: -155.15, val loss: 73.89, act loss: -133.54
INFO:root:Episode: 240, length: 451, reward: -209.47, ewma reward: -139.40, val loss: 80.13, act loss: -172.48
INFO:root:Episode: 260, length: 204, reward: -251.93, ewma reward: -138.25, val loss: 110.54, act loss: -195.03
INFO:root:Episode: 280, length: 1000, reward: -33.04, ewma reward: -111.63, val loss: 119.25, act loss: -230.21
INFO:root:Episode: 300, length: 319, reward: -125.97, ewma reward: -123.40, val loss: 120.63, act loss: -253.88
INFO:root:Episode: 320, length: 228, reward: -195.12, ewma reward: -142.82, val loss: 119.01, act loss: -261.33
INFO:root:Episode: 340, length: 1000, reward: -208.78, ewma reward: -334.58, val loss: 104.38, act loss: -275.56
INFO:root:Episode: 360, length: 460, reward: -529.19, ewma reward: -386.67, val loss: 173.29, act loss: -311.81
INFO:root:Episode: 380, length: 347, reward: -228.89, ewma reward: -301.06, val loss: 142.18, act loss: -317.60
INFO:root:Episode: 400, length: 183, reward: -392.03, ewma reward: -314.09, val loss: 100.76, act loss: -317.86
INFO:root:Episode: 420, length: 299, reward: -250.43, ewma reward: -342.27, val loss: 90.64, act loss: -316.92
INFO:root:Episode: 440, length: 152, reward: -201.21, ewma reward: -259.30, val loss: 86.44, act loss: -314.80
INFO:root:Episode: 460, length: 1000, reward: -194.71, ewma reward: -198.76, val loss: 106.36, act loss: -306.25
INFO:root:Episode: 480, length: 314, reward: -104.28, ewma reward: -137.42, val loss: 103.14, act loss: -302.33
INFO:root:Episode: 500, length: 138, reward: -162.78, ewma reward: -125.99, val loss: 143.46, act loss: -303.17
INFO:root:Episode: 520, length: 1000, reward: -232.64, ewma reward: -163.48, val loss: 130.64, act loss: -302.26
INFO:root:Episode: 540, length: 66, reward: -22.39, ewma reward: -138.18, val loss: 94.08, act loss: -295.72
INFO:root:Episode: 560, length: 1000, reward: -3.39, ewma reward: -126.44, val loss: 81.84, act loss: -281.82
INFO:root:Episode: 580, length: 532, reward: -168.45, ewma reward: -126.75, val loss: 99.90, act loss: -256.08
INFO:root:Episode: 600, length: 259, reward: -168.22, ewma reward: -135.85, val loss: 88.41, act loss: -240.82
INFO:root:Episode: 620, length: 1000, reward: -172.37, ewma reward: -177.11, val loss: 58.71, act loss: -221.38
INFO:root:Episode: 640, length: 1000, reward: -145.58, ewma reward: -148.09, val loss: 46.63, act loss: -176.02
INFO:root:Episode: 660, length: 1000, reward: -31.72, ewma reward: -110.51, val loss: 40.07, act loss: -154.06
INFO:root:Episode: 680, length: 377, reward: -170.50, ewma reward: -62.32, val loss: 32.48, act loss: -133.01
INFO:root:Episode: 700, length: 103, reward: -1.52, ewma reward: -75.36, val loss: 49.20, act loss: -137.43
INFO:root:Episode: 720, length: 1000, reward: 29.05, ewma reward: 2.10, val loss: 32.13, act loss: -107.45
INFO:root:Episode: 740, length: 324, reward: -73.98, ewma reward: 31.03, val loss: 19.53, act loss: -68.05
INFO:root:Episode: 760, length: 456, reward: 152.11, ewma reward: -35.68, val loss: 16.91, act loss: -62.24
INFO:root:Episode: 780, length: 203, reward: -131.74, ewma reward: -49.11, val loss: 22.78, act loss: -73.89
INFO:root:Episode: 800, length: 106, reward: -183.92, ewma reward: -115.73, val loss: 32.95, act loss: -74.17
INFO:root:Episode: 820, length: 1000, reward: -63.80, ewma reward: -96.07, val loss: 61.25, act loss: -77.98
INFO:root:Episode: 840, length: 66, reward: -95.56, ewma reward: -64.70, val loss: 41.60, act loss: -82.76
INFO:root:Episode: 860, length: 71, reward: -131.96, ewma reward: -78.90, val loss: 32.16, act loss: -84.93
INFO:root:Episode: 880, length: 116, reward: 46.96, ewma reward: -80.44, val loss: 31.62, act loss: -84.53
INFO:root:Episode: 900, length: 70, reward: -64.96, ewma reward: -63.88, val loss: 35.60, act loss: -83.17
INFO:root:Episode: 920, length: 1000, reward: -87.15, ewma reward: -54.26, val loss: 34.10, act loss: -77.61
INFO:root:Episode: 940, length: 1000, reward: -48.37, ewma reward: -62.12, val loss: 36.78, act loss: -81.31
INFO:root:Episode: 960, length: 75, reward: -219.25, ewma reward: -60.73, val loss: 18.59, act loss: -60.54
INFO:root:Episode: 980, length: 96, reward: -43.94, ewma reward: -102.30, val loss: 29.95, act loss: -28.73
INFO:root:Running reward is now -190.48837523724242 and the total episode is 999.
INFO:root:lr_a = 0.0033607158446455196, lr_c = 0.008908165306793227 , lr_a_decay=0.8396243626065941 , lr_c_decay=0.8061233307745387, noise_scale = 0.43880746994866465 , batch_size = 204
INFO:root:Episode: 0, length: 148, reward: -377.50, ewma reward: -18.87, val loss: nan, act loss: nan
INFO:root:Episode: 20, length: 202, reward: -154.73, ewma reward: -241.46, val loss: 26.03, act loss: 8.55
INFO:root:Episode: 40, length: 180, reward: -113.95, ewma reward: -223.35, val loss: 34.79, act loss: 3.87
INFO:root:Episode: 60, length: 121, reward: -175.43, ewma reward: -213.29, val loss: 37.98, act loss: -20.95
INFO:root:Episode: 80, length: 151, reward: -210.27, ewma reward: -197.58, val loss: 138.45, act loss: -41.59
INFO:root:Episode: 100, length: 274, reward: -190.77, ewma reward: -177.13, val loss: 298.19, act loss: -70.09
INFO:root:Episode: 120, length: 177, reward: -311.48, ewma reward: -155.31, val loss: 563.97, act loss: -106.13
INFO:root:Episode: 140, length: 146, reward: -207.67, ewma reward: -153.19, val loss: 1364.19, act loss: -144.17
INFO:root:Episode: 160, length: 85, reward: -141.93, ewma reward: -182.30, val loss: 2269.55, act loss: -213.02
INFO:root:Episode: 180, length: 81, reward: -275.85, ewma reward: -189.63, val loss: 2695.56, act loss: -249.39
INFO:root:Episode: 200, length: 72, reward: -242.81, ewma reward: -210.91, val loss: 3431.58, act loss: -292.19
INFO:root:Episode: 220, length: 62, reward: -95.43, ewma reward: -245.93, val loss: 3785.52, act loss: -334.88
INFO:root:Episode: 240, length: 83, reward: -419.24, ewma reward: -292.58, val loss: 3223.67, act loss: -387.68
INFO:root:Episode: 260, length: 128, reward: -397.99, ewma reward: -255.64, val loss: 4817.79, act loss: -465.00
INFO:root:Episode: 280, length: 102, reward: -140.35, ewma reward: -231.70, val loss: 4027.23, act loss: -556.16
INFO:root:Episode: 300, length: 69, reward: -411.26, ewma reward: -317.67, val loss: 4531.90, act loss: -656.06
INFO:root:Episode: 320, length: 84, reward: -145.18, ewma reward: -310.97, val loss: 6801.02, act loss: -759.29
INFO:root:Episode: 340, length: 77, reward: -443.81, ewma reward: -325.60, val loss: 8585.83, act loss: -862.69
INFO:root:Episode: 360, length: 57, reward: -194.85, ewma reward: -272.70, val loss: 9232.27, act loss: -1008.93
INFO:root:Episode: 380, length: 102, reward: -270.69, ewma reward: -267.32, val loss: 15010.97, act loss: -1177.79
INFO:root:Episode: 400, length: 154, reward: -245.04, ewma reward: -257.23, val loss: 20781.77, act loss: -1390.82
INFO:root:Episode: 420, length: 86, reward: -97.95, ewma reward: -213.44, val loss: 23221.56, act loss: -1598.18
INFO:root:Episode: 440, length: 100, reward: -136.36, ewma reward: -333.34, val loss: 26356.75, act loss: -1742.67
INFO:root:Episode: 460, length: 120, reward: -168.29, ewma reward: -282.41, val loss: 32349.56, act loss: -1961.97
INFO:root:Episode: 480, length: 92, reward: -292.49, ewma reward: -291.75, val loss: 35375.30, act loss: -2257.55
INFO:root:Episode: 500, length: 68, reward: -428.68, ewma reward: -301.44, val loss: 68848.34, act loss: -2562.27
INFO:root:Episode: 520, length: 94, reward: -145.55, ewma reward: -274.86, val loss: 124659.20, act loss: -3049.86
INFO:root:Episode: 540, length: 158, reward: -179.15, ewma reward: -297.02, val loss: 152190.68, act loss: -3433.40
INFO:root:Episode: 560, length: 255, reward: -343.17, ewma reward: -253.25, val loss: 204799.48, act loss: -3844.08
INFO:root:Episode: 580, length: 142, reward: 12.10, ewma reward: -188.20, val loss: 331921.04, act loss: -4459.13
INFO:root:Episode: 600, length: 116, reward: -194.90, ewma reward: -282.00, val loss: 271466.31, act loss: -5019.01
INFO:root:Episode: 620, length: 162, reward: -171.31, ewma reward: -317.03, val loss: 403732.68, act loss: -5882.12
INFO:root:Episode: 640, length: 116, reward: -180.94, ewma reward: -344.21, val loss: 459955.28, act loss: -7220.97
INFO:root:Episode: 660, length: 85, reward: -189.28, ewma reward: -240.50, val loss: 535109.45, act loss: -12028.77
INFO:root:Episode: 680, length: 61, reward: -185.69, ewma reward: -221.77, val loss: 438898.46, act loss: -13339.14
INFO:root:Episode: 700, length: 96, reward: -339.09, ewma reward: -231.27, val loss: 583301.30, act loss: -14479.30
INFO:root:Episode: 720, length: 78, reward: -320.81, ewma reward: -229.55, val loss: 725616.69, act loss: -16045.88
INFO:root:Episode: 740, length: 123, reward: -258.43, ewma reward: -168.28, val loss: 805118.41, act loss: -18885.13
INFO:root:Episode: 760, length: 355, reward: -71.07, ewma reward: -136.14, val loss: 825518.85, act loss: -20787.35
INFO:root:Episode: 780, length: 130, reward: -136.07, ewma reward: -139.04, val loss: 1018122.39, act loss: -21566.22
INFO:root:Episode: 800, length: 123, reward: -183.76, ewma reward: -177.70, val loss: 926441.21, act loss: -22597.20
INFO:root:Episode: 820, length: 189, reward: -151.26, ewma reward: -177.00, val loss: 976955.97, act loss: -23959.17
INFO:root:Episode: 840, length: 195, reward: -167.25, ewma reward: -184.43, val loss: 1173974.90, act loss: -25414.69
INFO:root:Episode: 860, length: 328, reward: -340.33, ewma reward: -205.92, val loss: 1264705.41, act loss: -27483.92
INFO:root:Episode: 880, length: 337, reward: -153.33, ewma reward: -180.46, val loss: 1417867.85, act loss: -30411.82
INFO:root:Episode: 900, length: 1000, reward: -80.23, ewma reward: -129.19, val loss: 1794143.46, act loss: -37461.52
INFO:root:Episode: 920, length: 297, reward: -129.72, ewma reward: -106.91, val loss: 1710429.69, act loss: -42105.20
INFO:root:Episode: 940, length: 1000, reward: -139.72, ewma reward: -125.32, val loss: 2087205.23, act loss: -47016.37
INFO:root:Episode: 960, length: 1000, reward: -86.19, ewma reward: -104.29, val loss: 1869645.91, act loss: -45876.70
INFO:root:Episode: 980, length: 235, reward: -306.82, ewma reward: -154.30, val loss: 1911437.99, act loss: -42462.65
INFO:root:Running reward is now -256.6404763669756 and the total episode is 999.
INFO:root:lr_a = 0.005408809312773928, lr_c = 0.0013145815240252292 , lr_a_decay=0.8827334748836906 , lr_c_decay=0.9557457616527987, noise_scale = 0.291950682826838 , batch_size = 99
INFO:root:Episode: 0, length: 87, reward: -354.25, ewma reward: -17.71, val loss: nan, act loss: nan
INFO:root:Episode: 20, length: 123, reward: -272.29, ewma reward: -281.07, val loss: 25.13, act loss: 4.10
INFO:root:Episode: 40, length: 162, reward: -53.20, ewma reward: -263.59, val loss: 22.19, act loss: -2.70
INFO:root:Episode: 60, length: 905, reward: -194.91, ewma reward: -206.80, val loss: 24.42, act loss: -20.81
INFO:root:Episode: 80, length: 152, reward: -132.12, ewma reward: -166.32, val loss: 34.91, act loss: -33.44
INFO:root:Episode: 100, length: 380, reward: -261.07, ewma reward: -154.28, val loss: 46.85, act loss: -59.40
INFO:root:Episode: 120, length: 186, reward: -217.10, ewma reward: -201.52, val loss: 54.92, act loss: -82.51
INFO:root:Episode: 140, length: 114, reward: -76.43, ewma reward: -220.49, val loss: 61.62, act loss: -98.95
INFO:root:Episode: 160, length: 632, reward: -147.10, ewma reward: -217.93, val loss: 97.26, act loss: -127.14
INFO:root:Episode: 180, length: 201, reward: -289.71, ewma reward: -175.25, val loss: 131.60, act loss: -214.34
INFO:root:Episode: 200, length: 276, reward: -144.89, ewma reward: -93.96, val loss: 154.37, act loss: -247.24
INFO:root:Episode: 220, length: 76, reward: -56.29, ewma reward: -68.33, val loss: 201.02, act loss: -284.61
INFO:root:Episode: 240, length: 121, reward: -341.53, ewma reward: -92.85, val loss: 416.25, act loss: -304.86
INFO:root:Episode: 260, length: 99, reward: -41.14, ewma reward: -106.05, val loss: 344.78, act loss: -311.79
INFO:root:Episode: 280, length: 135, reward: -113.16, ewma reward: -99.72, val loss: 681.40, act loss: -326.11
INFO:root:Episode: 300, length: 63, reward: -147.82, ewma reward: -106.16, val loss: 519.30, act loss: -338.00
INFO:root:Episode: 320, length: 82, reward: -174.61, ewma reward: -132.76, val loss: 449.85, act loss: -353.20
INFO:root:Episode: 340, length: 294, reward: 215.65, ewma reward: -100.70, val loss: 509.82, act loss: -359.23
INFO:root:Episode: 360, length: 80, reward: -169.03, ewma reward: -101.15, val loss: 613.71, act loss: -381.93
INFO:root:Episode: 380, length: 66, reward: -66.69, ewma reward: -99.88, val loss: 993.39, act loss: -406.10
INFO:root:Episode: 400, length: 244, reward: -192.51, ewma reward: -153.75, val loss: 816.46, act loss: -436.62
INFO:root:Episode: 420, length: 179, reward: -237.10, ewma reward: -179.28, val loss: 919.51, act loss: -478.20
INFO:root:Episode: 440, length: 82, reward: -263.79, ewma reward: -242.07, val loss: 1002.20, act loss: -516.53
INFO:root:Episode: 460, length: 195, reward: -202.64, ewma reward: -269.60, val loss: 1011.61, act loss: -547.59
INFO:root:Episode: 480, length: 82, reward: -221.07, ewma reward: -246.47, val loss: 1032.08, act loss: -569.86
INFO:root:Episode: 500, length: 103, reward: -142.87, ewma reward: -231.18, val loss: 1231.48, act loss: -584.57
INFO:root:Episode: 520, length: 122, reward: -244.46, ewma reward: -234.31, val loss: 913.26, act loss: -598.18
INFO:root:Episode: 540, length: 109, reward: -222.33, ewma reward: -251.13, val loss: 773.31, act loss: -608.23
INFO:root:Episode: 560, length: 116, reward: -177.12, ewma reward: -267.23, val loss: 684.96, act loss: -620.97
INFO:root:Episode: 580, length: 92, reward: -140.30, ewma reward: -218.20, val loss: 1060.46, act loss: -637.19
INFO:root:Episode: 600, length: 140, reward: -276.19, ewma reward: -216.63, val loss: 747.85, act loss: -663.01
INFO:root:Episode: 620, length: 374, reward: -1863.35, ewma reward: -289.13, val loss: 878.46, act loss: -681.38
INFO:root:Episode: 640, length: 352, reward: -202.73, ewma reward: -674.89, val loss: 688.72, act loss: -669.46
INFO:root:Episode: 660, length: 173, reward: -217.67, ewma reward: -361.09, val loss: 653.40, act loss: -653.62
INFO:root:Episode: 680, length: 174, reward: -162.04, ewma reward: -249.37, val loss: 600.33, act loss: -645.60
INFO:root:Episode: 700, length: 183, reward: -167.63, ewma reward: -190.38, val loss: 475.29, act loss: -626.78
INFO:root:Episode: 720, length: 233, reward: -86.10, ewma reward: -143.20, val loss: 585.88, act loss: -593.06
INFO:root:Episode: 740, length: 273, reward: -149.61, ewma reward: -154.82, val loss: 372.29, act loss: -576.56
INFO:root:Episode: 760, length: 1000, reward: -30.25, ewma reward: -111.75, val loss: 313.41, act loss: -525.63
INFO:root:Episode: 780, length: 277, reward: -164.62, ewma reward: -117.37, val loss: 232.97, act loss: -493.45
INFO:root:Episode: 800, length: 1000, reward: -86.11, ewma reward: -124.09, val loss: 218.40, act loss: -469.32
INFO:root:Episode: 820, length: 1000, reward: -126.30, ewma reward: -119.17, val loss: 238.76, act loss: -452.39
INFO:root:Episode: 840, length: 91, reward: -98.25, ewma reward: -100.69, val loss: 207.54, act loss: -397.16
INFO:root:Episode: 860, length: 59, reward: -46.31, ewma reward: -89.16, val loss: 202.89, act loss: -378.18
INFO:root:Episode: 880, length: 94, reward: 28.16, ewma reward: -45.00, val loss: 196.56, act loss: -375.52
INFO:root:Episode: 900, length: 132, reward: -161.47, ewma reward: -86.85, val loss: 139.22, act loss: -389.54
INFO:root:Episode: 920, length: 89, reward: -411.15, ewma reward: -109.27, val loss: 320.50, act loss: -396.57
INFO:root:Episode: 940, length: 342, reward: -102.30, ewma reward: -171.32, val loss: 223.21, act loss: -380.94
INFO:root:Episode: 960, length: 480, reward: -160.87, ewma reward: -110.87, val loss: 176.67, act loss: -343.33
INFO:root:Episode: 980, length: 1000, reward: -139.21, ewma reward: -128.31, val loss: 176.37, act loss: -324.42
INFO:root:Running reward is now -125.01838353377099 and the total episode is 999.
INFO:root:lr_a = 0.008260822477490755, lr_c = 0.001054018334878011 , lr_a_decay=0.8567153357165131 , lr_c_decay=0.8131126532709557, noise_scale = 0.02822209373503532 , batch_size = 211
INFO:root:Episode: 0, length: 103, reward: -305.46, ewma reward: -15.27, val loss: nan, act loss: nan
INFO:root:Episode: 20, length: 153, reward: -220.02, ewma reward: -196.69, val loss: 12.36, act loss: 8.96
INFO:root:Episode: 40, length: 111, reward: -41.68, ewma reward: -207.53, val loss: 16.58, act loss: 14.94
INFO:root:Episode: 60, length: 115, reward: -225.73, ewma reward: -217.81, val loss: 12.21, act loss: 16.74
INFO:root:Episode: 80, length: 362, reward: -205.54, ewma reward: -245.81, val loss: 14.03, act loss: 1.80
INFO:root:Episode: 100, length: 396, reward: -120.18, ewma reward: -230.00, val loss: 11.32, act loss: -12.43
INFO:root:Episode: 120, length: 185, reward: 222.21, ewma reward: -141.12, val loss: 14.59, act loss: -22.85
INFO:root:Episode: 140, length: 143, reward: -88.19, ewma reward: -148.20, val loss: 14.09, act loss: -37.29
INFO:root:Episode: 160, length: 385, reward: 0.05, ewma reward: -187.52, val loss: 14.85, act loss: -46.23
INFO:root:Episode: 180, length: 1000, reward: -60.57, ewma reward: -142.72, val loss: 17.65, act loss: -62.06
INFO:root:Episode: 200, length: 105, reward: -50.75, ewma reward: -102.81, val loss: 22.92, act loss: -78.31
INFO:root:Episode: 220, length: 204, reward: -74.79, ewma reward: -69.66, val loss: 30.46, act loss: -96.39
INFO:root:Episode: 240, length: 98, reward: -26.21, ewma reward: -5.02, val loss: 36.42, act loss: -105.82
INFO:root:Episode: 260, length: 148, reward: -167.66, ewma reward: -69.45, val loss: 43.20, act loss: -113.96
INFO:root:Episode: 280, length: 135, reward: 14.67, ewma reward: -37.17, val loss: 44.83, act loss: -124.67
INFO:root:Episode: 300, length: 118, reward: -154.20, ewma reward: -87.97, val loss: 60.51, act loss: -138.17
INFO:root:Episode: 320, length: 1000, reward: -115.15, ewma reward: -53.30, val loss: 53.00, act loss: -147.10
INFO:root:Episode: 340, length: 159, reward: 1.37, ewma reward: -72.53, val loss: 58.85, act loss: -163.07
INFO:root:Episode: 360, length: 117, reward: -194.58, ewma reward: -62.16, val loss: 54.00, act loss: -186.20
INFO:root:Episode: 380, length: 1000, reward: -33.36, ewma reward: 1.19, val loss: 59.13, act loss: -191.61
INFO:root:Episode: 400, length: 111, reward: -4.81, ewma reward: -62.25, val loss: 71.63, act loss: -197.07
INFO:root:Episode: 420, length: 840, reward: 102.67, ewma reward: 37.93, val loss: 61.76, act loss: -185.61
INFO:root:Episode: 440, length: 263, reward: -116.71, ewma reward: 13.47, val loss: 70.04, act loss: -178.88
INFO:root:Episode: 460, length: 298, reward: 193.78, ewma reward: -51.99, val loss: 54.70, act loss: -179.18
INFO:root:Episode: 480, length: 144, reward: -113.58, ewma reward: -66.99, val loss: 59.74, act loss: -176.18
INFO:root:Episode: 500, length: 1000, reward: -52.48, ewma reward: -47.82, val loss: 49.56, act loss: -163.36
INFO:root:Episode: 520, length: 329, reward: 2.54, ewma reward: -31.49, val loss: 29.44, act loss: -149.28
INFO:root:Episode: 540, length: 1000, reward: -40.97, ewma reward: 13.20, val loss: 26.66, act loss: -138.32
INFO:root:Episode: 560, length: 84, reward: -23.55, ewma reward: 56.39, val loss: 30.83, act loss: -129.29
INFO:root:Episode: 580, length: 253, reward: 209.73, ewma reward: 42.68, val loss: 27.54, act loss: -115.36
INFO:root:Episode: 600, length: 1000, reward: 52.10, ewma reward: 85.89, val loss: 20.25, act loss: -101.09
INFO:root:Running reward is now 127.88150582066605 and the total episode is 616.
INFO:root:lr_a = 0.00011788029384964265, lr_c = 0.00611943341111011 , lr_a_decay=0.8663764511335434 , lr_c_decay=0.9119296730912616, noise_scale = 0.167749823259935 , batch_size = 143
INFO:root:Episode: 0, length: 103, reward: -305.46, ewma reward: -15.27, val loss: nan, act loss: nan
INFO:root:Episode: 20, length: 101, reward: -451.09, ewma reward: -242.11, val loss: 39.25, act loss: -2.48
INFO:root:Episode: 40, length: 88, reward: -219.09, ewma reward: -283.14, val loss: 29.88, act loss: 3.21
INFO:root:Episode: 60, length: 111, reward: -362.68, ewma reward: -244.32, val loss: 52.22, act loss: -14.36
INFO:root:Episode: 80, length: 98, reward: 23.26, ewma reward: -217.16, val loss: 30.22, act loss: -18.50
INFO:root:Episode: 100, length: 57, reward: -302.36, ewma reward: -216.11, val loss: 34.01, act loss: -24.27
INFO:root:Episode: 120, length: 83, reward: -483.09, ewma reward: -248.61, val loss: 27.29, act loss: -25.47
INFO:root:Episode: 140, length: 135, reward: -24.00, ewma reward: -176.16, val loss: 34.16, act loss: -33.38
INFO:root:Episode: 160, length: 162, reward: -107.75, ewma reward: -155.04, val loss: 32.51, act loss: -39.77
INFO:root:Episode: 180, length: 123, reward: -300.96, ewma reward: -207.66, val loss: 44.92, act loss: -41.36
INFO:root:Episode: 200, length: 169, reward: -268.97, ewma reward: -245.21, val loss: 38.79, act loss: -47.12
INFO:root:Episode: 220, length: 70, reward: -62.82, ewma reward: -221.63, val loss: 42.39, act loss: -52.88
INFO:root:Episode: 240, length: 121, reward: -221.97, ewma reward: -230.76, val loss: 50.86, act loss: -61.86
INFO:root:Episode: 260, length: 190, reward: -291.12, ewma reward: -215.03, val loss: 58.16, act loss: -81.64
INFO:root:Episode: 280, length: 242, reward: -190.88, ewma reward: -227.35, val loss: 68.86, act loss: -97.77
INFO:root:Episode: 300, length: 174, reward: -142.22, ewma reward: -187.72, val loss: 97.74, act loss: -115.45
INFO:root:Episode: 320, length: 283, reward: -67.18, ewma reward: -182.17, val loss: 106.29, act loss: -130.61
INFO:root:Episode: 340, length: 1000, reward: -40.31, ewma reward: -104.32, val loss: 105.11, act loss: -176.06
INFO:root:Episode: 360, length: 1000, reward: -92.00, ewma reward: -129.07, val loss: 110.47, act loss: -192.54
INFO:root:Episode: 380, length: 260, reward: -170.16, ewma reward: -139.44, val loss: 86.01, act loss: -192.44
INFO:root:Episode: 400, length: 398, reward: -87.40, ewma reward: -130.01, val loss: 83.53, act loss: -188.32
INFO:root:Episode: 420, length: 296, reward: -194.62, ewma reward: -133.53, val loss: 85.67, act loss: -196.45
INFO:root:Episode: 440, length: 1000, reward: -112.81, ewma reward: -98.83, val loss: 78.64, act loss: -211.43
INFO:root:Episode: 460, length: 1000, reward: -50.42, ewma reward: -108.28, val loss: 74.67, act loss: -211.89
INFO:root:Episode: 480, length: 1000, reward: -32.84, ewma reward: -176.52, val loss: 76.57, act loss: -214.46
INFO:root:Episode: 500, length: 695, reward: -467.87, ewma reward: -231.26, val loss: 88.76, act loss: -234.50
INFO:root:Episode: 520, length: 274, reward: -111.83, ewma reward: -256.49, val loss: 89.92, act loss: -241.25
INFO:root:Episode: 540, length: 123, reward: -509.77, ewma reward: -255.36, val loss: 114.46, act loss: -267.96
INFO:root:Episode: 560, length: 633, reward: -206.09, ewma reward: -244.10, val loss: 84.73, act loss: -270.44
INFO:root:Episode: 580, length: 1000, reward: -20.71, ewma reward: -136.78, val loss: 97.01, act loss: -265.45
INFO:root:Episode: 600, length: 1000, reward: -48.64, ewma reward: -95.69, val loss: 97.08, act loss: -265.27
INFO:root:Episode: 620, length: 1000, reward: -46.55, ewma reward: -106.97, val loss: 160.66, act loss: -280.48
INFO:root:Episode: 640, length: 287, reward: -188.72, ewma reward: -142.37, val loss: 237.37, act loss: -319.13
INFO:root:Episode: 660, length: 177, reward: -135.91, ewma reward: -179.02, val loss: 307.82, act loss: -385.40
INFO:root:Episode: 680, length: 106, reward: -161.29, ewma reward: -174.24, val loss: 383.78, act loss: -490.49
INFO:root:Episode: 700, length: 1000, reward: -114.85, ewma reward: -164.68, val loss: 469.17, act loss: -591.41
INFO:root:Episode: 720, length: 1000, reward: -217.97, ewma reward: -155.98, val loss: 998.31, act loss: -884.73
INFO:root:Episode: 740, length: 1000, reward: -158.55, ewma reward: -153.82, val loss: 1714.63, act loss: -1105.93
INFO:root:Episode: 760, length: 1000, reward: -158.58, ewma reward: -682.90, val loss: 2045.71, act loss: -1225.25
INFO:root:Episode: 780, length: 1000, reward: -263.81, ewma reward: -428.85, val loss: 1816.79, act loss: -1204.20
INFO:root:Episode: 800, length: 179, reward: -541.16, ewma reward: -415.14, val loss: 1040.09, act loss: -1174.81
INFO:root:Episode: 820, length: 88, reward: -362.75, ewma reward: -438.01, val loss: 2131.11, act loss: -1189.04
INFO:root:Episode: 840, length: 129, reward: -276.30, ewma reward: -411.61, val loss: 2084.50, act loss: -1210.77
INFO:root:Episode: 860, length: 95, reward: -524.11, ewma reward: -433.74, val loss: 2008.34, act loss: -1222.18
INFO:root:Episode: 880, length: 1000, reward: -80.37, ewma reward: -402.46, val loss: 1789.09, act loss: -1242.00
INFO:root:Episode: 900, length: 232, reward: -100.11, ewma reward: -275.85, val loss: 1594.75, act loss: -1246.69
INFO:root:Episode: 920, length: 152, reward: -208.79, ewma reward: -228.67, val loss: 1708.52, act loss: -1204.93
INFO:root:Episode: 940, length: 136, reward: -183.99, ewma reward: -266.05, val loss: 1288.46, act loss: -1180.72
INFO:root:Episode: 960, length: 765, reward: -632.60, ewma reward: -389.74, val loss: 1573.22, act loss: -1149.94
INFO:root:Episode: 980, length: 1000, reward: -703.41, ewma reward: -287.40, val loss: 1262.81, act loss: -1093.42
INFO:root:Running reward is now -263.6738808609201 and the total episode is 999.
INFO:root:lr_a = 0.0007685550174624713, lr_c = 0.008530429903186585 , lr_a_decay=0.8879974911008585 , lr_c_decay=0.8243908294254335, noise_scale = 0.3658673123243712 , batch_size = 91
INFO:root:Episode: 0, length: 74, reward: -118.19, ewma reward: -5.91, val loss: 13.39, act loss: 1.82
INFO:root:Episode: 20, length: 76, reward: -154.58, ewma reward: -126.22, val loss: 26.61, act loss: 0.23
INFO:root:Episode: 40, length: 200, reward: -132.17, ewma reward: -137.64, val loss: 26.01, act loss: -4.81
INFO:root:Episode: 60, length: 153, reward: -27.86, ewma reward: -110.14, val loss: 60.58, act loss: -18.85
INFO:root:Episode: 80, length: 331, reward: -274.51, ewma reward: -153.56, val loss: 85.21, act loss: -36.07
INFO:root:Episode: 100, length: 135, reward: -377.95, ewma reward: -196.06, val loss: 150.97, act loss: -62.66
INFO:root:Episode: 120, length: 394, reward: -415.81, ewma reward: -304.68, val loss: 729.66, act loss: -78.57
INFO:root:Episode: 140, length: 54, reward: -322.06, ewma reward: -276.79, val loss: 1037.19, act loss: -89.07
INFO:root:Episode: 160, length: 99, reward: -157.78, ewma reward: -277.31, val loss: 365.76, act loss: -103.58
INFO:root:Episode: 180, length: 71, reward: -260.12, ewma reward: -242.84, val loss: 461.11, act loss: -125.24
INFO:root:Episode: 200, length: 70, reward: -112.72, ewma reward: -204.60, val loss: 324.32, act loss: -138.57
INFO:root:Episode: 220, length: 65, reward: -131.15, ewma reward: -158.20, val loss: 701.38, act loss: -188.66
INFO:root:Episode: 240, length: 180, reward: -198.87, ewma reward: -139.01, val loss: 816.04, act loss: -241.14
INFO:root:Episode: 260, length: 113, reward: -74.14, ewma reward: -70.98, val loss: 778.56, act loss: -296.62
INFO:root:Episode: 280, length: 335, reward: -59.53, ewma reward: -123.58, val loss: 1298.59, act loss: -400.31
INFO:root:Episode: 300, length: 132, reward: -58.08, ewma reward: -144.23, val loss: 1641.00, act loss: -473.61
INFO:root:Episode: 320, length: 145, reward: -190.83, ewma reward: -141.32, val loss: 1849.58, act loss: -529.67
INFO:root:Episode: 340, length: 255, reward: -51.13, ewma reward: -142.46, val loss: 2187.76, act loss: -583.72
INFO:root:Episode: 360, length: 196, reward: -447.00, ewma reward: -166.39, val loss: 1579.99, act loss: -638.12
INFO:root:Episode: 380, length: 82, reward: -116.88, ewma reward: -127.77, val loss: 1962.26, act loss: -696.25
INFO:root:Episode: 400, length: 109, reward: -274.56, ewma reward: -246.42, val loss: 2369.35, act loss: -771.09
INFO:root:Episode: 420, length: 136, reward: -390.26, ewma reward: -265.18, val loss: 2087.86, act loss: -833.34
INFO:root:Episode: 440, length: 538, reward: -238.96, ewma reward: -246.59, val loss: 3149.16, act loss: -918.90
INFO:root:Episode: 460, length: 303, reward: -201.14, ewma reward: -236.06, val loss: 2311.99, act loss: -1041.98
INFO:root:Episode: 480, length: 181, reward: -17.47, ewma reward: -218.31, val loss: 2852.41, act loss: -1122.14
INFO:root:Episode: 500, length: 227, reward: -337.64, ewma reward: -215.96, val loss: 4027.02, act loss: -1219.80
INFO:root:Episode: 520, length: 108, reward: -80.21, ewma reward: -211.00, val loss: 4925.35, act loss: -1293.06
INFO:root:Episode: 540, length: 244, reward: -147.10, ewma reward: -188.41, val loss: 3231.87, act loss: -1384.68
INFO:root:Episode: 560, length: 195, reward: -144.27, ewma reward: -152.19, val loss: 3758.18, act loss: -1505.20
INFO:root:Episode: 580, length: 1000, reward: -242.77, ewma reward: -155.83, val loss: 4071.18, act loss: -1664.99
INFO:root:Episode: 600, length: 131, reward: -228.13, ewma reward: -190.34, val loss: 4649.34, act loss: -1691.68
INFO:root:Episode: 620, length: 95, reward: -221.00, ewma reward: -196.75, val loss: 6237.04, act loss: -1716.79
INFO:root:Episode: 640, length: 201, reward: -127.39, ewma reward: -191.76, val loss: 3739.16, act loss: -1753.10
INFO:root:Episode: 660, length: 330, reward: -211.34, ewma reward: -217.67, val loss: 2293.40, act loss: -1763.26
INFO:root:Episode: 680, length: 112, reward: -213.17, ewma reward: -252.73, val loss: 3786.24, act loss: -1784.96
INFO:root:Episode: 700, length: 98, reward: -221.93, ewma reward: -266.51, val loss: 5560.76, act loss: -1786.39
INFO:root:Episode: 720, length: 113, reward: -232.44, ewma reward: -225.66, val loss: 4100.51, act loss: -1773.43
INFO:root:Episode: 740, length: 289, reward: -283.60, ewma reward: -206.94, val loss: 3542.20, act loss: -1751.59
INFO:root:Episode: 760, length: 1000, reward: -326.13, ewma reward: -243.34, val loss: 5229.72, act loss: -1804.93
INFO:root:Episode: 780, length: 1000, reward: -422.73, ewma reward: -434.44, val loss: 4448.99, act loss: -2028.38
INFO:root:Episode: 800, length: 178, reward: -372.47, ewma reward: -411.16, val loss: 7693.34, act loss: -2267.09
INFO:root:Episode: 820, length: 1000, reward: -414.27, ewma reward: -433.49, val loss: 10393.26, act loss: -2463.53
INFO:root:Episode: 840, length: 1000, reward: 40.31, ewma reward: -242.17, val loss: 7433.37, act loss: -2721.97
INFO:root:Episode: 860, length: 243, reward: -312.31, ewma reward: -225.63, val loss: 6919.23, act loss: -2617.11
INFO:root:Episode: 880, length: 412, reward: -433.11, ewma reward: -203.12, val loss: 6461.97, act loss: -2587.35
INFO:root:Episode: 900, length: 506, reward: -214.78, ewma reward: -179.59, val loss: 6763.49, act loss: -2656.38
INFO:root:Episode: 920, length: 1000, reward: -102.49, ewma reward: -189.81, val loss: 9001.57, act loss: -2650.66
INFO:root:Episode: 940, length: 226, reward: -130.38, ewma reward: -170.91, val loss: 8008.77, act loss: -2624.13
INFO:root:Episode: 960, length: 1000, reward: -55.52, ewma reward: -164.13, val loss: 10983.00, act loss: -2581.60
INFO:root:Episode: 980, length: 1000, reward: -394.19, ewma reward: -185.11, val loss: 8452.40, act loss: -2502.75
INFO:root:Running reward is now -132.07965668877523 and the total episode is 999.
INFO:root:lr_a = 0.0076688004923500365, lr_c = 0.008319897677872529 , lr_a_decay=0.8619556110421535 , lr_c_decay=0.9195164580583002, noise_scale = 0.43619622991955465 , batch_size = 253
INFO:root:Episode: 0, length: 87, reward: -354.25, ewma reward: -17.71, val loss: nan, act loss: nan
INFO:root:Episode: 20, length: 1000, reward: -137.97, ewma reward: -91.91, val loss: 3.31, act loss: -6.38
INFO:root:Episode: 40, length: 233, reward: -124.33, ewma reward: -121.70, val loss: 18.08, act loss: -21.41
INFO:root:Episode: 60, length: 148, reward: -79.86, ewma reward: -148.82, val loss: 10.79, act loss: -39.50
INFO:root:Episode: 80, length: 587, reward: -286.65, ewma reward: -181.10, val loss: 8.55, act loss: -52.30
INFO:root:Episode: 100, length: 1000, reward: -64.43, ewma reward: -90.54, val loss: 13.87, act loss: -69.21
INFO:root:Episode: 120, length: 193, reward: -507.42, ewma reward: -113.84, val loss: 19.06, act loss: -76.69
INFO:root:Episode: 140, length: 186, reward: -115.79, ewma reward: -174.43, val loss: 17.90, act loss: -83.55
INFO:root:Episode: 160, length: 85, reward: -254.02, ewma reward: -265.87, val loss: 28.83, act loss: -87.35
INFO:root:Episode: 180, length: 183, reward: -275.65, ewma reward: -248.34, val loss: 31.31, act loss: -91.22
INFO:root:Episode: 200, length: 202, reward: -130.73, ewma reward: -185.28, val loss: 41.77, act loss: -121.39
INFO:root:Episode: 220, length: 1000, reward: -80.29, ewma reward: -120.04, val loss: 38.96, act loss: -138.13
INFO:root:Episode: 240, length: 1000, reward: -50.57, ewma reward: -85.95, val loss: 26.32, act loss: -147.39
INFO:root:Episode: 260, length: 1000, reward: -89.01, ewma reward: -98.14, val loss: 25.04, act loss: -143.10
INFO:root:Episode: 280, length: 636, reward: -568.19, ewma reward: -125.00, val loss: 29.74, act loss: -147.38
INFO:root:Episode: 300, length: 185, reward: -172.55, ewma reward: -136.45, val loss: 43.38, act loss: -184.43
INFO:root:Episode: 320, length: 224, reward: -139.22, ewma reward: -147.00, val loss: 45.02, act loss: -197.35
INFO:root:Episode: 340, length: 1000, reward: -92.89, ewma reward: -132.95, val loss: 42.14, act loss: -203.15
INFO:root:Episode: 360, length: 58, reward: -100.67, ewma reward: -113.31, val loss: 47.15, act loss: -191.96
INFO:root:Episode: 380, length: 57, reward: -130.19, ewma reward: -118.46, val loss: 68.67, act loss: -187.06
INFO:root:Episode: 400, length: 201, reward: -24.34, ewma reward: -92.74, val loss: 42.75, act loss: -162.60
INFO:root:Episode: 420, length: 175, reward: -237.17, ewma reward: -180.66, val loss: 37.83, act loss: -161.25
INFO:root:Episode: 440, length: 191, reward: -169.21, ewma reward: -177.76, val loss: 32.24, act loss: -154.23
INFO:root:Episode: 460, length: 139, reward: -135.44, ewma reward: -168.89, val loss: 32.11, act loss: -157.68
INFO:root:Episode: 480, length: 510, reward: -159.31, ewma reward: -133.60, val loss: 38.39, act loss: -142.83
INFO:root:Episode: 500, length: 1000, reward: -94.74, ewma reward: -112.85, val loss: 26.76, act loss: -118.90
INFO:root:Episode: 520, length: 65, reward: -44.91, ewma reward: -90.06, val loss: 20.93, act loss: -100.86
INFO:root:Episode: 540, length: 126, reward: -109.29, ewma reward: -159.36, val loss: 28.91, act loss: -103.00
INFO:root:Episode: 560, length: 84, reward: -364.35, ewma reward: -160.66, val loss: 33.67, act loss: -103.38
INFO:root:Episode: 580, length: 68, reward: -141.04, ewma reward: -190.48, val loss: 39.94, act loss: -100.72
INFO:root:Episode: 600, length: 869, reward: -181.11, ewma reward: -145.89, val loss: 34.62, act loss: -100.29
INFO:root:Episode: 620, length: 94, reward: -101.20, ewma reward: -122.41, val loss: 38.59, act loss: -103.54
INFO:root:Episode: 640, length: 1000, reward: -3.75, ewma reward: -77.54, val loss: 40.70, act loss: -112.36
INFO:root:Episode: 660, length: 1000, reward: 42.92, ewma reward: -19.46, val loss: 42.62, act loss: -113.63
INFO:root:Episode: 680, length: 371, reward: 208.47, ewma reward: 15.93, val loss: 57.13, act loss: -122.10
INFO:root:Episode: 700, length: 1000, reward: -48.23, ewma reward: -32.67, val loss: 32.85, act loss: -132.00
INFO:root:Episode: 720, length: 133, reward: -162.39, ewma reward: -71.14, val loss: 47.29, act loss: -154.04
INFO:root:Episode: 740, length: 121, reward: -148.02, ewma reward: -168.66, val loss: 41.44, act loss: -153.87
INFO:root:Episode: 760, length: 503, reward: -139.34, ewma reward: -133.24, val loss: 67.11, act loss: -157.45
INFO:root:Episode: 780, length: 1000, reward: -108.27, ewma reward: -102.90, val loss: 76.59, act loss: -181.70
INFO:root:Episode: 800, length: 163, reward: -903.35, ewma reward: -503.74, val loss: 99.17, act loss: -203.78
INFO:root:Episode: 820, length: 308, reward: -408.52, ewma reward: -1105.17, val loss: 78.47, act loss: -194.08
INFO:root:Episode: 840, length: 141, reward: -276.19, ewma reward: -625.70, val loss: 72.61, act loss: -188.17
INFO:root:Episode: 860, length: 1000, reward: -107.76, ewma reward: -329.34, val loss: 60.38, act loss: -176.23
INFO:root:Episode: 880, length: 80, reward: -571.70, ewma reward: -227.93, val loss: 63.63, act loss: -162.57
INFO:root:Episode: 900, length: 66, reward: -436.20, ewma reward: -269.78, val loss: 55.19, act loss: -161.94
INFO:root:Episode: 920, length: 173, reward: -109.06, ewma reward: -249.26, val loss: 66.87, act loss: -150.82
INFO:root:Episode: 940, length: 161, reward: -48.09, ewma reward: -156.37, val loss: 61.42, act loss: -106.31
INFO:root:Episode: 960, length: 85, reward: -260.66, ewma reward: -253.27, val loss: 97.66, act loss: -116.00
INFO:root:Episode: 980, length: 88, reward: -420.97, ewma reward: -323.44, val loss: 94.13, act loss: -121.79
INFO:root:Running reward is now -334.0500102036522 and the total episode is 999.
INFO:root:lr_a = 0.0046740327898424795, lr_c = 0.00875744494740138 , lr_a_decay=0.859213739772827 , lr_c_decay=0.8262582105712677, noise_scale = 0.42140896674674766 , batch_size = 191
INFO:root:Episode: 0, length: 90, reward: -320.29, ewma reward: -16.01, val loss: nan, act loss: nan
INFO:root:Episode: 20, length: 89, reward: -208.49, ewma reward: -220.25, val loss: 20.15, act loss: 3.86
INFO:root:Episode: 40, length: 186, reward: -115.19, ewma reward: -246.58, val loss: 16.07, act loss: -23.52
INFO:root:Episode: 60, length: 133, reward: -314.93, ewma reward: -247.03, val loss: 33.21, act loss: -48.28
INFO:root:Episode: 80, length: 168, reward: -250.91, ewma reward: -220.73, val loss: 168.63, act loss: -66.61
INFO:root:Episode: 100, length: 625, reward: -567.79, ewma reward: -251.45, val loss: 119.88, act loss: -97.46
INFO:root:Episode: 120, length: 144, reward: -79.46, ewma reward: -213.08, val loss: 350.37, act loss: -122.31
INFO:root:Episode: 140, length: 66, reward: -121.44, ewma reward: -157.88, val loss: 505.42, act loss: -156.81
INFO:root:Episode: 160, length: 81, reward: -24.65, ewma reward: -189.13, val loss: 579.01, act loss: -183.98
INFO:root:Episode: 180, length: 74, reward: 1.43, ewma reward: -137.28, val loss: 574.49, act loss: -211.52
INFO:root:Episode: 200, length: 485, reward: -184.05, ewma reward: -152.15, val loss: 499.34, act loss: -236.35
INFO:root:Episode: 220, length: 1000, reward: -49.15, ewma reward: -180.21, val loss: 531.60, act loss: -291.99
INFO:root:Episode: 240, length: 1000, reward: -94.86, ewma reward: -105.96, val loss: 987.29, act loss: -588.29
INFO:root:Episode: 260, length: 226, reward: -82.16, ewma reward: -111.87, val loss: 1219.40, act loss: -777.87
INFO:root:Episode: 280, length: 138, reward: -184.26, ewma reward: -164.33, val loss: 1079.50, act loss: -849.54
INFO:root:Episode: 300, length: 146, reward: -228.95, ewma reward: -252.06, val loss: 1515.48, act loss: -880.20
INFO:root:Episode: 320, length: 114, reward: -237.96, ewma reward: -256.62, val loss: 1287.60, act loss: -912.46
INFO:root:Episode: 340, length: 113, reward: -314.33, ewma reward: -212.14, val loss: 1124.36, act loss: -972.40
INFO:root:Episode: 360, length: 1000, reward: -99.73, ewma reward: -150.28, val loss: 1658.06, act loss: -1179.88
INFO:root:Episode: 380, length: 1000, reward: -90.72, ewma reward: -85.48, val loss: 1775.37, act loss: -1213.42
